MPASM  5.50                     PROYECTO1.ASM   11-4-2022  16:49:19         PAGE  1


LOC  OBJECT CODE     LINE SOURCE TEXT
  VALUE

                      00001 ;********************************************************************
                      00002 ;Alumnno: Alejo Brites               DNI:44182530                   * 
                      00003 ; Fecha de entrega:11/11/2022                                       *
                      00004 ;Profesor: Roberto Garcia          PIC16F628A                       *
                      00005 ;El programa simulara la temperatura del agua de un termotanque     *
                      00006 ;donde la minima es de 35°C y la maxima de 70°C, este termotanque   *
                      00007 ;tendre 4 ldes que indicaran que: La resistencia esta apagada,LA 2da*
                      00008 ;que indicara que el agua se esta calentando, la 3ra que el agua    *
                      00009 ;llego a la maxima y la 4ta que el agua desencio a la minima        *
                      00010 ;********************************************************************
                      00011 
                      00012 ;********************************************************************
                      00013 ;                         DATOS                                     *
                      00014 ;********************************************************************
                      00015 
2007   3F10           00016         __CONFIG 3F10
                      00017         LIST P=16F628A
                      00018     INCLUDE <P16F628A.INC>
                      00001         LIST
                      00002 
                      00003 ;==========================================================================
                      00004 ;  MPASM PIC16F628A processor include
                      00005 ; 
                      00006 ;  (c) Copyright 1999-2013 Microchip Technology, All rights reserved
                      00007 ;==========================================================================
                      00008 
                      00385         LIST
                      00019         ERRORLEVEL -302
                      00020 
                      00021 ;********************************************************************
                      00022 ;                          DEFINICIONES                             *
                      00023 ;********************************************************************
                      00024 
  00000020            00025 TEMPMAX EQU 0X20    ;Reservamos memoria para temperatura maxima
  00000021            00026 TEMPMIN EQU 0X21    ;Reservamos memoria para temperatura minima
  00000022            00027 TEMPACT EQU 0X22    ;Reservamos memoria para temperatura ambiente
  00000023            00028 CANILLA EQU 0X23    ;Reservamos memoria para  la canilla
  00000024            00029 ACUMULADOR1 EQU 0X24  ;Reservamos memoria para  contador1
  00000025            00030 ACUMULADOR2 EQU 0X25  ;Reservamos memoria para  contador2
  00000026            00031 ACUMULADOR3 EQU 0X26  ;...
  00000027            00032 ACUMULADOR4 EQU 0X27  ;...
                      00033 ;********************************************************************
                      00034 
                      00035                 ORG 0X00
                      00036 
                      00037 ;********************************************************************
                      00038 ;              INICIO DEL PROGRAMA                                  *
                      00039 ;********************************************************************
                      00040 
0000                  00041 INICIO
                      00042 
0000   2???           00043                 CALL CONFIGURAR_PUERTOS   ;configuramos los puertos con sus valores iniciales
                      00044 
MPASM  5.50                     PROYECTO1.ASM   11-4-2022  16:49:19         PAGE  2


LOC  OBJECT CODE     LINE SOURCE TEXT
  VALUE

0001   301E           00045                 MOVLW D'30'
0002   00A1           00046                 MOVWF TEMPMIN  ;le damos el valor a la temperatura minima con los mov
0003   3046           00047                 MOVLW D'70'
0004   00A0           00048                 MOVWF TEMPMAX  ;le damos el valor a la temperatura maxima con los mov
0005   3014           00049                 MOVLW D'20'
0006   00A2           00050                 MOVWF TEMPACT  ;le damos el valor a la temperatura actual con los mov
0007   09A3           00051         COMF CANILLA,F   ;podemos con CLRF dejamos la canilla en 0, es decir "cerrada"
                      00052         ;podemos cambiar el "CLRF" POR "COMF" para abrir la canilla Y QUE VAYA VARIANDO
0008   0103           00053                 CLRW    ;Dejo en 0 el registro w ( por las dudas ) 
                      00054 
0009   2???           00055                 CALL CALIENTOELAGUA  ;LLAMO a la subrutina para empezar el procedimiento de calentar agu
                            a 
                      00056                 
000A   2???           00057                 CALL RETARDO_DE1S     ;llamo a 4 retardos de 1seg, para generar
000B   2???           00058                 CALL RETARDO_DE1S     ;un retanro de 4 segundo entre los calls
000C   2???           00059                 CALL RETARDO_DE1S
000D   2???           00060                 CALL RETARDO_DE1S
000E   2???           00061                 CALL RETARDO_DE1S
                      00062                 
                      00063                 ;¡¡¡COMENTARIOIMPORTANTE !!!
                      00064         ;SI LA TEMPERATURA ACTUAL>TEMPERATURA MAXIMA la luz roja se prendera sin hacer la subrutina
                      00065                 ;de CALIENTOELAGUA y pasara a disminuirse
                      00066                 
000F   2???           00067                 CALL DISMINUIR_TEMP   ; Empezamos el proceso de decrecimiento hasta la temperatura minim
                            a
                      00068 
0010   2???           00069                 GOTO INICIO
                      00070 
                      00071 ;********************************************************************
0011                  00072 CONFIGURAR_PUERTOS         ;Aca configuraremos con el trisb el portb
                      00073 
0011   1683           00074                 BSF STATUS,RP0    ;Entramos al banco 1
0012   30F0           00075                 MOVLW B'11110000'  ;cargamos el literal como numero binario
0013   0086           00076                 MOVWF TRISB        ;y lo movemos al trisb configurando el bit 0,1,2,3 como salida
0014   1283           00077                 BCF STATUS,RP0     ;volvemos al banco 0 
0015   3000           00078                 MOVLW B'00000000'
0016   0086           00079                 MOVWF PORTB         ;cargamos el portb
                      00080         
0017   0008           00081                 RETURN
                      00082 ;********************************************************************
0018                  00083 CALIENTOELAGUA             ;Aca trabajaremos con el calentamiento del agua
                      00084 
0018   2???           00085         CALL LED_AZUL      ;LLamamos a la luz led de resistencia apagada
0019   0822           00086                 MOVF TEMPACT,W
001A   0220           00087                 SUBWF TEMPMAX,W
001B   1803           00088                 BTFSC STATUS,C    ;verfico si la tempact>tempmax 
001C   2???           00089                 CALL INCREMENTAR_TEMP ;en caso de ser tempact<tempmax llamo a la subrutina
                      00090                 
001D   2???           00091                 CALL LED_ROJO           
                      00092 
001E   0008           00093                 RETURN
                      00094 
001F                  00095 INCREMENTAR_TEMP
MPASM  5.50                     PROYECTO1.ASM   11-4-2022  16:49:19         PAGE  3


LOC  OBJECT CODE     LINE SOURCE TEXT
  VALUE

                      00096 
001F   2???           00097         CALL LED_AMARILLO
                      00098 
0020   0AA2           00099                 INCF TEMPACT,F     ;Incrementa en 1 la temperatura actual
                      00100 
0021   0822           00101                 MOVF TEMPACT,W      ; movemos el valos de temperatura actual al registro w
0022   0220           00102                 SUBWF TEMPMAX,W   ; para luego restarlo "tempmax - w(tempact)"
                      00103 
0023   1D03           00104                 BTFSS STATUS,Z        ;verifico si la temperatura actual llego a la maxima 
0024   2???           00105                 GOTO INCREMENTAR_TEMP   ;sino volvemos a hacer el procedimiento para seguir incrementand
                            o
                      00106 
0025   0008           00107                 RETURN
                      00108 
                      00109 ;********************************************************************
                      00110 
0026                  00111 DISMINUIR_TEMP          ;Aca trabajaremos con el enfriamiento del agua
                      00112 
0026   0821           00113            MOVF TEMPMIN,W   ; nos fijamos que tempact>tempmin 
0027   0222           00114            SUBWF TEMPACT,W ;con la resta TEMPACT-TEMPMIN
0028   1803           00115            BTFSC STATUS,C  ;verificamos que tempact>tempmin
0029   2???           00116            CALL DISMINUIR_TEMP1 ;sino llamamos a esta subrutina 
                      00117 
002A   2???           00118            CALL LED_VERDE       
                      00119 
002B   0008           00120            RETURN
                      00121 
                      00122 
002C                  00123 DISMINUIR_TEMP1
                      00124 
002C   03A2           00125        DECF TEMPACT,F     
                      00126 
002D   1823           00127            BTFSC CANILLA,0     ;Si la canilla esta abierta llamara a
002E   2???           00128            CALL DISMINUIR_POR_CARNILLA  ; esta funcion, sino la saltara
                      00129 
002F   0822           00130            MOVF TEMPACT,W     ;movemos al w, la tempact
0030   0221           00131            SUBWF TEMPMIN,W    ; restamos la tempact con la tempmin
0031   1D03           00132            BTFSS STATUS,Z
0032   2???           00133            GOTO DISMINUIR_TEMP1  ;Sino llego a la temperatura minima, que siga          
                      00134 
0033   0008           00135            RETURN
                      00136 
0034                  00137 DISMINUIR_POR_CARNILLA
                      00138 
0034   3004           00139            MOVLW D'4'
0035   02A2           00140            SUBWF TEMPACT,F
                      00141 
0036   0008           00142            RETURN
                      00143 
                      00144 ;********************************************************************
                      00145 ;                              LEDS                                 *
                      00146 ;********************************************************************
                      00147 
MPASM  5.50                     PROYECTO1.ASM   11-4-2022  16:49:19         PAGE  4


LOC  OBJECT CODE     LINE SOURCE TEXT
  VALUE

0037                  00148 LED_AZUL                 ;Luz de resistencia apaada
                      00149 
0037   1283           00150                 BCF STATUS,RP0
0038   1406           00151                 BSF PORTB,0              ;seteamos en 1 el bit, prendiendo el mismo
0039   2???           00152         CALL RETARDO_DE250MS
003A   2???           00153                 CALL RETARDO_DE250MS
003B   2???           00154                 CALL RETARDO_DE250MS
003C   1006           00155                 BCF PORTB,0
                      00156 
003D   0008           00157                 RETURN
                      00158 
003E                  00159 LED_AMARILLO            ;Luz led del proceso del calentamiento del agua
                      00160 
003E   1283           00161                 BCF STATUS,RP0
003F   1486           00162                 BSF PORTB,1              ;seteamos en 1 el bit, prendiendo el mismo
0040   2???           00163         CALL RETARDO_DE250MS
0041   2???           00164                 CALL RETARDO_DE250MS
                      00165                 
0042   1086           00166                 BCF PORTB,1
                      00167 
0043   0008           00168                 RETURN
                      00169 
0044                  00170 LED_ROJO            ;Luz led que indica que el agua llego a la maxima
                      00171 
0044   1283           00172                 BCF STATUS,RP0
0045   1506           00173                 BSF PORTB,2               ;seteamos en 1 el bit, prendiendo el mismo
0046   2???           00174         CALL RETARDO_DE1S       ;retardo
0047   1106           00175                 BCF PORTB,2
                      00176 
0048   0008           00177                 RETURN
                      00178 
0049                  00179 LED_VERDE
                      00180 
0049   1283           00181                 BCF STATUS,RP0
004A   1586           00182                 BSF PORTB,3               ;seteamos en 1 el bit, prendiendo el mismo
004B   2???           00183         CALL RETARDO_DE250MS       ;retardo
004C   2???           00184                 CALL RETARDO_DE250MS 
004D   2???           00185                 CALL RETARDO_DE250MS 
004E   1186           00186                 BCF PORTB,3
                      00187 
004F   0008           00188                 RETURN
                      00189 
                      00190 ;********************************************************************
                      00191 ;                           RETARDOS                                *
                      00192 ;********************************************************************
                      00193 
0050                  00194 RETARDO_DE1MS                  ;RETARDO PARA 1 MILISEGUNDO YA QUE 256 ES EL MAXIMO DEL PIC
                      00195 
0050   30FA           00196                 MOVLW D'250'            ;cargamos el registro de trabajo
0051   00A4           00197                 MOVWF ACUMULADOR1       ; para luego moverlo al ACUMULADOR1
0052                  00198 RETARDOAUX1 
0052   0000           00199         NOP
0053   0BA4           00200         DECFSZ ACUMULADOR1,F    ;con esta instruccion decremento el ACUMULADOR1 hacemos esto hasta que 
MPASM  5.50                     PROYECTO1.ASM   11-4-2022  16:49:19         PAGE  5


LOC  OBJECT CODE     LINE SOURCE TEXT
  VALUE

0054   2???           00201         GOTO RETARDOAUX1        ;se haya decrementado a 0, lo que significa 1ms de retardo
0055   0008           00202         RETURN
                      00203 
                      00204 
0056                  00205 RETARDO_DE250MS                 ;con esta subrutina generaremos 250 ms
0056   30FA           00206          MOVLW D'250'            ;Cantidad de veces que voy a llamar a la subrutina "RETARDOS_DE1MS"
0057   00A5           00207          MOVWF ACUMULADOR2
                      00208 
0058                  00209 RETARDOAUX2   
0058   2???           00210          CALL   RETARDO_DE1MS        ;llamamos al retardo de 1ms para por cada vuelta a RETARDOAUX2
0059   0BA5           00211          DECFSZ    ACUMULADOR2,F     ;vayamos decrementando en uno los 250 del ACUMULADOR1
005A   2???           00212          GOTO RETARDOAUX2            ;Lo repito hasta ACUMULADOR2 que quede en 0. Lo cual seria,250ms de
                             retardo
005B   0008           00213          RETURN
                      00214 
                      00215 
005C                  00216 RETARDO_DE1S                    ;con esta subrutina generaremos 1000 ms osea 1 seg
005C   3004           00217          MOVLW     D'4'         ;Cantidad de veces que voy a llamar a la subrutina "RETARDO_DE250MS"
005D   00A6           00218          MOVWF     ACUMULADOR3
                      00219 
005E                  00220 RETARDOAUX3      
005E   2???           00221              CALL  RETARDO_DE250MS     ;Al llamarlo 4 veces vamos a generar 1seg
005F   0BA6           00222          DECFSZ     ACUMULADOR3,F  ;decrementamos hasta que
0060   2???           00223          GOTO   RETARDOAUX3        ;ACUMULADOR3 quede en 0
0061   0008           00224          RETURN
                      00225 
                      00226 
                      00227 
                      00228 ;********************************************************************
3F10                  00229                 END
MPASM  5.50                     PROYECTO1.ASM   11-4-2022  16:49:19         PAGE  6


SYMBOL TABLE
  LABEL                             VALUE 

ACUMULADOR1                       00000024
ACUMULADOR2                       00000025
ACUMULADOR3                       00000026
ACUMULADOR4                       00000027
ADDEN                             00000003
ADEN                              00000003
BRGH                              00000002
C                                 00000000
C1INV                             00000004
C1OUT                             00000006
C2INV                             00000005
C2OUT                             00000007
CALIENTOELAGUA                    00000018
CANILLA                           00000023
CCP1CON                           00000017
CCP1IE                            00000002
CCP1IF                            00000002
CCP1M0                            00000000
CCP1M1                            00000001
CCP1M2                            00000002
CCP1M3                            00000003
CCP1X                             00000005
CCP1Y                             00000004
CCPR1                             00000015
CCPR1H                            00000016
CCPR1L                            00000015
CIS                               00000003
CM0                               00000000
CM1                               00000001
CM2                               00000002
CMCON                             0000001F
CMIE                              00000006
CMIF                              00000006
CONFIGURAR_PUERTOS                00000011
CREN                              00000004
CSRC                              00000007
DATA_CP_OFF                       00003FFF
DATA_CP_ON                        00003EFF
DC                                00000001
DISMINUIR_POR_CARNILLA            00000034
DISMINUIR_TEMP                    00000026
DISMINUIR_TEMP1                   0000002C
EEADR                             0000009B
EECON1                            0000009C
EECON2                            0000009D
EEDATA                            0000009A
EEIE                              00000007
EEIF                              00000007
F                                 00000001
FERR                              00000002
FSR                               00000004
GIE                               00000007
INCREMENTAR_TEMP                  0000001F
MPASM  5.50                     PROYECTO1.ASM   11-4-2022  16:49:19         PAGE  7


SYMBOL TABLE
  LABEL                             VALUE 

INDF                              00000000
INICIO                            00000000
INTCON                            0000000B
INTE                              00000004
INTEDG                            00000006
INTF                              00000001
IRP                               00000007
LED_AMARILLO                      0000003E
LED_AZUL                          00000037
LED_ROJO                          00000044
LED_VERDE                         00000049
NOT_BO                            00000000
NOT_BOD                           00000000
NOT_BOR                           00000000
NOT_PD                            00000003
NOT_POR                           00000001
NOT_RBPU                          00000007
NOT_T1SYNC                        00000002
NOT_TO                            00000004
OERR                              00000001
OPTION_REG                        00000081
OSCF                              00000003
PCL                               00000002
PCLATH                            0000000A
PCON                              0000008E
PEIE                              00000006
PIE1                              0000008C
PIR1                              0000000C
PORTA                             00000005
PORTB                             00000006
PR2                               00000092
PS0                               00000000
PS1                               00000001
PS2                               00000002
PSA                               00000003
RA0                               00000000
RA1                               00000001
RA2                               00000002
RA3                               00000003
RA4                               00000004
RA5                               00000005
RA6                               00000006
RA7                               00000007
RB0                               00000000
RB1                               00000001
RB2                               00000002
RB3                               00000003
RB4                               00000004
RB5                               00000005
RB6                               00000006
RB7                               00000007
RBIE                              00000003
RBIF                              00000000
MPASM  5.50                     PROYECTO1.ASM   11-4-2022  16:49:19         PAGE  8


SYMBOL TABLE
  LABEL                             VALUE 

RCIE                              00000005
RCIF                              00000005
RCREG                             0000001A
RCSTA                             00000018
RD                                00000000
RETARDOAUX1                       00000052
RETARDOAUX2                       00000058
RETARDOAUX3                       0000005E
RETARDO_DE1MS                     00000050
RETARDO_DE1S                      0000005C
RETARDO_DE250MS                   00000056
RP0                               00000005
RP1                               00000006
RX9                               00000006
RX9D                              00000000
SPBRG                             00000099
SPEN                              00000007
SREN                              00000005
STATUS                            00000003
SYNC                              00000004
T0CS                              00000005
T0IE                              00000005
T0IF                              00000002
T0SE                              00000004
T1CKPS0                           00000004
T1CKPS1                           00000005
T1CON                             00000010
T1OSCEN                           00000003
T2CKPS0                           00000000
T2CKPS1                           00000001
T2CON                             00000012
TEMPACT                           00000022
TEMPMAX                           00000020
TEMPMIN                           00000021
TMR0                              00000001
TMR0IE                            00000005
TMR0IF                            00000002
TMR1                              0000000E
TMR1CS                            00000001
TMR1H                             0000000F
TMR1IE                            00000000
TMR1IF                            00000000
TMR1L                             0000000E
TMR1ON                            00000000
TMR2                              00000011
TMR2IE                            00000001
TMR2IF                            00000001
TMR2ON                            00000002
TOUTPS0                           00000003
TOUTPS1                           00000004
TOUTPS2                           00000005
TOUTPS3                           00000006
TRISA                             00000085
MPASM  5.50                     PROYECTO1.ASM   11-4-2022  16:49:19         PAGE  9


SYMBOL TABLE
  LABEL                             VALUE 

TRISA0                            00000000
TRISA1                            00000001
TRISA2                            00000002
TRISA3                            00000003
TRISA4                            00000004
TRISA5                            00000005
TRISA6                            00000006
TRISA7                            00000007
TRISB                             00000086
TRISB0                            00000000
TRISB1                            00000001
TRISB2                            00000002
TRISB3                            00000003
TRISB4                            00000004
TRISB5                            00000005
TRISB6                            00000006
TRISB7                            00000007
TRMT                              00000001
TX9                               00000006
TX9D                              00000000
TXEN                              00000005
TXIE                              00000004
TXIF                              00000004
TXREG                             00000019
TXSTA                             00000098
VR0                               00000000
VR1                               00000001
VR2                               00000002
VR3                               00000003
VRCON                             0000009F
VREN                              00000007
VROE                              00000006
VRR                               00000005
W                                 00000000
WR                                00000001
WREN                              00000002
WRERR                             00000003
Z                                 00000002
_BODEN_OFF                        00003FBF
_BODEN_ON                         00003FFF
_BOREN_OFF                        00003FBF
_BOREN_ON                         00003FFF
_CONFIG                           00002007
_CPD_OFF                          00003FFF
_CPD_ON                           00003EFF
_CP_OFF                           00003FFF
_CP_ON                            00001FFF
_DEVID1                           00002006
_ER_OSC_CLKOUT                    00003FFF
_ER_OSC_NOCLKOUT                  00003FFE
_EXTCLK_OSC                       00003FEF
_FOSC_ECIO                        00003FEF
_FOSC_EXTRCCLK                    00003FFF
MPASM  5.50                     PROYECTO1.ASM   11-4-2022  16:49:19         PAGE 10


SYMBOL TABLE
  LABEL                             VALUE 

_FOSC_EXTRCIO                     00003FFE
_FOSC_HS                          00003FEE
_FOSC_INTOSCCLK                   00003FFD
_FOSC_INTOSCIO                    00003FFC
_FOSC_LP                          00003FEC
_FOSC_XT                          00003FED
_HS_OSC                           00003FEE
_IDLOC0                           00002000
_IDLOC1                           00002001
_IDLOC2                           00002002
_IDLOC3                           00002003
_INTOSC_OSC_CLKOUT                00003FFD
_INTOSC_OSC_NOCLKOUT              00003FFC
_INTRC_OSC_CLKOUT                 00003FFD
_INTRC_OSC_NOCLKOUT               00003FFC
_LP_OSC                           00003FEC
_LVP_OFF                          00003F7F
_LVP_ON                           00003FFF
_MCLRE_OFF                        00003FDF
_MCLRE_ON                         00003FFF
_PWRTE_OFF                        00003FFF
_PWRTE_ON                         00003FF7
_RC_OSC_CLKOUT                    00003FFF
_RC_OSC_NOCLKOUT                  00003FFE
_WDTE_OFF                         00003FFB
_WDTE_ON                          00003FFF
_WDT_OFF                          00003FFB
_WDT_ON                           00003FFF
_XT_OSC                           00003FED
__16F628A                         00000001
__DEBUG                           1

Errors   :     0
Warnings :     0 reported,     0 suppressed
Messages :     0 reported,     1 suppressed

